============================================================
   Tang Dynasty, V4.3.815
   Copyright:   Shanghai Anlogic Infotech Co., Ltd.
                2011 - 2021
   Executable = C:/Anlogic/TD4.3.815/bin/td.exe
   Built at =   18:48:55 Dec 28 2018
   Run by =     SalieriNUC
   Run Date =   Thu May 30 18:52:57 2019

   Run on =     NUC8I7HVK
============================================================
ARC-1001 : Device Initialization.
ARC-1001 : ---------------------------------------------------------------
ARC-1001 :            OPTION            |        IO         |   SETTING   
ARC-1001 : ---------------------------------------------------------------
ARC-1001 :   cso_b/cclk/mosi/miso/dout  |  P69/P82/P81/P80  |    gpio    
ARC-1001 :             done             |        P8         |    gpio    
ARC-1001 :           program_b          |        P67        |  dedicated  
ARC-1001 :        tdi/tms/tck/tdo       |  P25/P22/P26/P21  |  dedicated  
ARC-1001 : ---------------------------------------------------------------
ARC-1004 : Device setting, marked 5 dedicate IOs in total.
RUN-1003 : finish command "import_device eagle_s20.db -package QFN88" in  3.064623s wall, 2.937500s user + 0.187500s system = 3.125000s CPU (102.0%)

RUN-1004 : used memory is 195 MB, reserved memory is 154 MB, peak memory is 195 MB
